<?xml version="1.0" encoding="UTF-8"?>
<!-- Generated by org.testng.reporters.JUnitReportReporter -->
<testsuite hostname="DESKTOP-SP8UJ8Q" failures="0" tests="5" name="script.Demo1" time="66.104" errors="0" timestamp="2022-09-07T16:28:56 IST" skipped="0">
  <testcase classname="script.Demo1" name="test1" time="11.666"/>
  <system-out>
    <![CDATA[actiTIME - Login
syed 
rabiya
AA]]>
  </system-out>
  <testcase classname="script.Demo1" name="test1" time="12.996"/>
  <system-out>
    <![CDATA[actiTIME - Login
 
ASNJN]]>
  </system-out>
  <testcase classname="script.Demo1" name="test1" time="14.790"/>
  <system-out>
    <![CDATA[actiTIME - Login
KI
 
VGSVAHV]]>
  </system-out>
  <testcase classname="script.Demo1" name="test1" time="13.516"/>
  <system-out>
    <![CDATA[actiTIME - Login
MSAMMS]]>
  </system-out>
  <testcase classname="script.Demo1" name="test1" time="13.136"/>
  <system-out>
    <![CDATA[actiTIME - Login
Ahad
Syed]]>
  </system-out>
</testsuite> <!-- script.Demo1 -->
