<?xml version="1.0" encoding="UTF-8"?>
<!-- Generated by org.testng.reporters.JUnitReportReporter -->
<testsuite hostname="DESKTOP-SP8UJ8Q" failures="0" tests="1" name="script.ValidLogin" time="28.238" errors="0" timestamp="2022-09-07T17:19:24 IST" skipped="0">
  <testcase classname="script.ValidLogin" name="testValidLogin" time="28.238"/>
  <system-out>
    <![CDATA[Enter Valid User Name
Enter Valid Password
Click on Login Button
Verify Home page is opened
Home Page is Displayed]]>
  </system-out>
</testsuite> <!-- script.ValidLogin -->
